{"C:\\Users\\Gig\\OneDrive\\Desktop\\SideProjects\\ttestingpractice\\tdd\\test-driven-fizzbuzz\\index.js": {"path":"C:\\Users\\Gig\\OneDrive\\Desktop\\SideProjects\\ttestingpractice\\tdd\\test-driven-fizzbuzz\\index.js","statementMap":{"0":{"start":{"line":1,"column":0},"end":{"line":4,"column":2}},"1":{"start":{"line":2,"column":2},"end":{"line":2,"column":40}},"2":{"start":{"line":2,"column":22},"end":{"line":2,"column":40}},"3":{"start":{"line":3,"column":2},"end":{"line":3,"column":18}}},"fnMap":{"0":{"name":"(anonymous_0)","decl":{"start":{"line":1,"column":17},"end":{"line":1,"column":18}},"loc":{"start":{"line":1,"column":26},"end":{"line":4,"column":1}},"line":1}},"branchMap":{"0":{"loc":{"start":{"line":2,"column":2},"end":{"line":2,"column":40}},"type":"if","locations":[{"start":{"line":2,"column":2},"end":{"line":2,"column":40}},{"start":{"line":2,"column":2},"end":{"line":2,"column":40}}],"line":2}},"s":{"0":1,"1":4,"2":2,"3":2},"f":{"0":4},"b":{"0":[2,2]},"_coverageSchema":"332fd63041d2c1bcb487cc26dd0d5f7d97098a6c","hash":"1543e96c6c25d41fa42e13077fa7d7e46ee0ae25"}
}
